Line 482: Property FontSize in tubMeters had an invalid value.
Line 588: Property FontSize in btnExplore had an invalid value.
Line 608: Property FontSize in btnCopy had an invalid value.
Line 630: Property FontSize in btnKill had an invalid value.
Line 650: Property FontSize in btnVolume had an invalid value.
Line 671: Property FontSize in btnMode had an invalid value.
Line 691: Property FontSize in BtnSetup had an invalid value.
Line 711: Property FontSize in btnRepeat had an invalid value.
Line 783: Property FontSize in btnReset had an invalid value.
Line 802: Property FontSize in btnWindow had an invalid value.
Line 821: Property FontSize in Command1 had an invalid value.
Line 840: Property FontSize in btnExit had an invalid value.
Line 977: Property FontSize in btnMinimize had an invalid value.
Line 997: Property FontSize in btnHide had an invalid value.
Line 1177: Property FontSize in btnClear had an invalid value.
Line 1197: Property FontSize in btnSelect had an invalid value.
Line 1217: Property FontSize in btnDelete had an invalid value.
Line 1237: Property FontSize in btnAdd had an invalid value.
Line 1257: Property FontSize in btnLoad had an invalid value.
Line 1277: Property FontSize in btnSave had an invalid value.
Line 1297: Property FontSize in btnFind had an invalid value.
Line 1317: Property FontSize in btnRNDSort had an invalid value.
