Линия 91: Class Project1.cSysTray of control cSysTray1 was not a loaded control class.
Линия 158: Class Project1.MTimer of control MTimer5 was not a loaded control class.
Линия 167: Class Project1.MTimer of control MTimer4 was not a loaded control class.
Линия 878: Class Project1.MTrack of control MTrack2 was not a loaded control class.
Линия 888: Class Project1.MTimer of control MTimer3 was not a loaded control class.
Линия 898: Class Project1.MTimer of control MTimer2 was not a loaded control class.
Линия 908: Class Project1.MTrack of control MTrack1 was not a loaded control class.
Линия 918: Class Project1.MTimer of control MTimer1 was not a loaded control class.
Линия 94: Имя свойства _ExtentX в cSysTray1 недопустимо.
Линия 95: Имя свойства _ExtentY в cSysTray1 недопустимо.
Линия 96: Имя свойства InTray в cSysTray1 недопустимо.
Линия 97: Имя свойства TrayIcon в cSysTray1 недопустимо.
Линия 98: Имя свойства TrayTip в cSysTray1 недопустимо.
Линия 164: Имя свойства _ExtentX в MTimer5 недопустимо.
Линия 165: Имя свойства _ExtentY в MTimer5 недопустимо.
Линия 173: Имя свойства _ExtentX в MTimer4 недопустимо.
Линия 174: Имя свойства _ExtentY в MTimer4 недопустимо.
Линия 885: Имя свойства _ExtentX в MTrack2 недопустимо.
Линия 886: Имя свойства _ExtentY в MTrack2 недопустимо.
Линия 895: Имя свойства _ExtentX в MTimer3 недопустимо.
Линия 896: Имя свойства _ExtentY в MTimer3 недопустимо.
Линия 905: Имя свойства _ExtentX в MTimer2 недопустимо.
Линия 906: Имя свойства _ExtentY в MTimer2 недопустимо.
Линия 915: Имя свойства _ExtentX в MTrack1 недопустимо.
Линия 916: Имя свойства _ExtentY в MTrack1 недопустимо.
Линия 925: Имя свойства _ExtentX в MTimer1 недопустимо.
Линия 926: Имя свойства _ExtentY в MTimer1 недопустимо.
